<?xml version="1.0" encoding="utf-8"?><testsuites name="pytest tests"><testsuite name="pytest" errors="0" failures="0" skipped="0" tests="30" time="5.166" timestamp="2026-09-02T16:35:31.035657+00:00" hostname="agent-env-bf7a6e8e-9e8a-40e3-a7e1-513bb2b042b5"><testcase classname="tests.backend_test.TestAuth" name="test_login_sets_cookie_and_name" time="0.320" /><testcase classname="tests.backend_test.TestRecipes" name="test_list_all" time="0.327" /><testcase classname="tests.backend_test.TestAuth" name="test_me_with_cookie" time="0.294" /><testcase classname="tests.backend_test.TestRecipes" name="test_filter_pet_gato" time="0.111" /><testcase classname="tests.backend_test.TestRecipes" name="test_filter_pet_cachorro" time="0.134" /><testcase classname="tests.backend_test.TestRecipes" name="test_filter_pet_todos" time="0.120" /><testcase classname="tests.backend_test.TestAuth" name="test_me_without_cookie_401" time="0.172" /><testcase classname="tests.backend_test.TestRecipes" name="test_filter_dificuldade[facil]" time="0.154" /><testcase classname="tests.backend_test.TestAuth" name="test_logout_clears_cookie" time="0.408" /><testcase classname="tests.backend_test.TestRecipes" name="test_filter_dificuldade[medio]" time="0.149" /><testcase classname="tests.backend_test.TestRecipes" name="test_filter_dificuldade[avancado]" time="0.101" /><testcase classname="tests.backend_test.TestRecipes" name="test_filter_refeicao[principal]" time="0.159" /><testcase classname="tests.backend_test.TestAuth" name="test_login_empty_fields_400" time="0.224" /><testcase classname="tests.backend_test.TestRecipes" name="test_filter_refeicao[petisco]" time="0.165" /><testcase classname="tests.backend_test.TestAuth" name="test_login_whitespace_only_400" time="0.081" /><testcase classname="tests.backend_test.TestRecipes" name="test_dificuldade_sum_matches_total" time="0.404" /><testcase classname="tests.backend_test.TestAuth" name="test_login_missing_field_422" time="0.077" /><testcase classname="tests.backend_test.TestAuth" name="test_login_name_from_dotted_email" time="0.077" /><testcase classname="tests.backend_test.TestRecipeDetail" name="test_detail_all_recipes_complete" time="2.693" /><testcase classname="tests.backend_test.TestRecipes" name="test_refeicao_sum_matches_total" time="0.244" /><testcase classname="tests.backend_test.TestRecipes" name="test_combined_filters" time="0.143" /><testcase classname="tests.backend_test.TestRecipes" name="test_search_by_name_case_insensitive" time="0.299" /><testcase classname="tests.backend_test.TestRecipes" name="test_search_by_ingredient" time="0.154" /><testcase classname="tests.backend_test.TestRecipes" name="test_search_no_results" time="0.108" /><testcase classname="tests.backend_test.TestRootAndStats" name="test_root" time="0.182" /><testcase classname="tests.backend_test.TestRootAndStats" name="test_stats" time="0.078" /><testcase classname="tests.backend_test.TestWarningsAndPremium" name="test_warnings" time="0.127" /><testcase classname="tests.backend_test.TestWarningsAndPremium" name="test_premium_products" time="0.064" /><testcase classname="tests.backend_test.TestRecipeDetail" name="test_detail_avisos_structure" time="0.157" /><testcase classname="tests.backend_test.TestRecipeDetail" name="test_detail_not_found" time="0.101" /></testsuite></testsuites>